<?xml version="1.0" encoding="UTF-8"?>
<testsuite name="com.telran.selenium.LoginToOk" tests="1" skipped="0" failures="0" errors="0" timestamp="2019-08-29T04:48:48" hostname="LAPTOP-G2K9F2C5" time="7.018">
  <properties/>
  <testcase name="loginOk" classname="com.telran.selenium.LoginToOk" time="7.018"/>
  <system-out><![CDATA[]]></system-out>
  <system-err><![CDATA[1567054124276	mozrunner::runner	INFO	Running command: "C:\\Program Files\\Mozilla Firefox\\firefox.exe" "-marionette" "-foreground" "-no-remote" "-profile" "C:\\Users\\leila\\AppData\\Local\\Temp\\rust_mozprofile.dNBssFIevSHx"
1567054125840	addons.webextension.screenshots@mozilla.org	WARN	Loading extension 'screenshots@mozilla.org': Reading manifest: Invalid extension permission: mozillaAddons
1567054125840	addons.webextension.screenshots@mozilla.org	WARN	Loading extension 'screenshots@mozilla.org': Reading manifest: Invalid extension permission: telemetry
1567054125840	addons.webextension.screenshots@mozilla.org	WARN	Loading extension 'screenshots@mozilla.org': Reading manifest: Invalid extension permission: resource://pdf.js/
1567054125840	addons.webextension.screenshots@mozilla.org	WARN	Loading extension 'screenshots@mozilla.org': Reading manifest: Invalid extension permission: about:reader*
1567054128251	Marionette	INFO	Listening on port 50130
1567054128468	Marionette	WARN	TLS certificate errors will be ignored for this session
авг 29, 2019 7:48:48 AM org.openqa.selenium.remote.ProtocolHandshake createSession
INFO: Detected dialect: W3C
JavaScript error: https://ok-bar.love.mail.ru/?&JSONP_call=MRG_updateWambaToolbar&rnd=0.8156841513194392, line 1: SyntaxError: expected expression, got '<'
JavaScript error: https://ok-bar.love.mail.ru/?&JSONP_call=MRG_updateWambaToolbar&rnd=0.9470239010246825, line 1: SyntaxError: expected expression, got '<'
1567054143576	Marionette	INFO	Stopped listening on port 50130
[Parent 7448, Gecko_IOThread] WARNING: pipe error: 109: file z:/task_1565706750/build/src/ipc/chromium/src/chrome/common/ipc_channel_win.cc, line 341
[Child 6020, Chrome_ChildThread] WARNING: pipe error: 109: file z:/task_1565706750/build/src/ipc/chromium/src/chrome/common/ipc_channel_win.cc, line 341
[Child 6020, Chrome_ChildThread] WARNING: pipe[Parent 7448, Gecko_IOThread] WARNING: pipe error: 109: file z:/task_1565706750/build/src/ipc/chromium/src/chrome/common/ipc_channel_win.cc, line 341
[Child 3180, Chrome_ChildThread] WARNING: pipe error: 109: file z:/t
###!!! [Child][RunMessage] Error: Channel closing: too late to send/recv, messages will be lost

ask_1565706750/build/src/ipc/chromium/src/chrome/common/ipc_channel_win.cc, line 341
[Parent 7448, Gecko_IOThread] WARNING: pipe error: 109: file z:/task_1565706750/build/src/ipc/chromium/src/chrome/common/ipc_channel_win.cc, line 341
[Child 12052, Chrome_ChildThread] WARNING: pipe error: 109: file z:/task_1565706750/build/src/ipc/chromium/src/chrome/common/ipc_channel_win.cc, line 341
[Child 12052, Chrome_ChildThread] WARNING: pipe error: 10[GPU 9004, Chrome_ChildThr
###!!! [Child][RunMessage] Error: Channel closing: too late to send/recv, messages will be lost

e
###!!! [Child][MessageChannel::SendAndWait] Error: Channel error: cannot send/recv

]]></system-err>
</testsuite>
