<?xml version="1.0" encoding="UTF-8"?>
<testsuite name="com.telran.selenium.tests.LoginToWiki" tests="1" skipped="0" failures="0" errors="0" timestamp="2019-09-22T12:05:00" hostname="LAPTOP-G2K9F2C5" time="5.288">
  <properties/>
  <testcase name="loginInTest" classname="com.telran.selenium.tests.LoginToWiki" time="5.288"/>
  <system-out><![CDATA[]]></system-out>
  <system-err><![CDATA[1569153897496	mozrunner::runner	INFO	Running command: "C:\\Program Files\\Mozilla Firefox\\firefox.exe" "-marionette" "-foreground" "-no-remote" "-profile" "C:\\Users\\leila\\AppData\\Local\\Temp\\rust_mozprofile.9o237Z6nYcDr"
1569153897915	addons.webextension.screenshots@mozilla.org	WARN	Loading extension 'screenshots@mozilla.org': Reading manifest: Invalid extension permission: mozillaAddons
1569153897915	addons.webextension.screenshots@mozilla.org	WARN	Loading extension 'screenshots@mozilla.org': Reading manifest: Invalid extension permission: telemetry
1569153897915	addons.webextension.screenshots@mozilla.org	WARN	Loading extension 'screenshots@mozilla.org': Reading manifest: Invalid extension permission: resource://pdf.js/
1569153897916	addons.webextension.screenshots@mozilla.org	WARN	Loading extension 'screenshots@mozilla.org': Reading manifest: Invalid extension permission: about:reader*
1569153899302	Marionette	INFO	Listening on port 64888
1569153899522	Marionette	WARN	TLS certificate errors will be ignored for this session
сен 22, 2019 3:04:59 PM org.openqa.selenium.remote.ProtocolHandshake createSession
INFO: Detected dialect: W3C
]]></system-err>
</testsuite>
