<?xml version="1.0" encoding="UTF-8"?>
<testsuite name="com.telran.selenium.tests.LoginToWiki" tests="1" skipped="0" failures="0" errors="0" timestamp="2019-10-08T04:44:36" hostname="LAPTOP-G2K9F2C5" time="4.597">
  <properties/>
  <testcase name="loginInTest" classname="com.telran.selenium.tests.LoginToWiki" time="4.597"/>
  <system-out><![CDATA[07:44:36.164 [Test worker] INFO  c.telran.selenium.tests.LoginToWiki - Start  test LoginToWiki 
07:44:40.770 [Test worker] INFO  c.telran.selenium.tests.LoginToWiki - Stop test LoginToWiki
]]></system-out>
  <system-err><![CDATA[Starting ChromeDriver 76.0.3809.68 (420c9498db8ce8fcd190a954d51297672c1515d5-refs/branch-heads/3809@{#864}) on port 45351
Only local connections are allowed.
Please protect ports used by ChromeDriver and related test frameworks to prevent access by malicious code.
[1570509871.122][WARNING]: This version of ChromeDriver has not been tested with Chrome version 77.
[1570509873.129][WARNING]: Timed out connecting to Chrome, retrying...
окт 08, 2019 7:44:35 AM org.openqa.selenium.remote.ProtocolHandshake createSession
INFO: Detected dialect: W3C
]]></system-err>
</testsuite>
