<?xml version="1.0" encoding="UTF-8"?>
<testsuite name="com.telran.selenium.tests.LoginToOk" tests="1" skipped="0" failures="0" errors="0" timestamp="2019-09-22T12:04:54" hostname="LAPTOP-G2K9F2C5" time="0.681">
  <properties/>
  <testcase name="loginOk" classname="com.telran.selenium.tests.LoginToOk" time="0.681"/>
  <system-out><![CDATA[]]></system-out>
  <system-err><![CDATA[1569153888155	mozrunner::runner	INFO	Running command: "C:\\Program Files\\Mozilla Firefox\\firefox.exe" "-marionette" "-foreground" "-no-remote" "-profile" "C:\\Users\\leila\\AppData\\Local\\Temp\\rust_mozprofile.9dWBQXSY8Gfs"
1569153888534	addons.webextension.screenshots@mozilla.org	WARN	Loading extension 'screenshots@mozilla.org': Reading manifest: Invalid extension permission: mozillaAddons
1569153888534	addons.webextension.screenshots@mozilla.org	WARN	Loading extension 'screenshots@mozilla.org': Reading manifest: Invalid extension permission: telemetry
1569153888534	addons.webextension.screenshots@mozilla.org	WARN	Loading extension 'screenshots@mozilla.org': Reading manifest: Invalid extension permission: resource://pdf.js/
1569153888534	addons.webextension.screenshots@mozilla.org	WARN	Loading extension 'screenshots@mozilla.org': Reading manifest: Invalid extension permission: about:reader*
1569153890178	Marionette	INFO	Listening on port 64812
1569153890278	Marionette	WARN	TLS certificate errors will be ignored for this session
сен 22, 2019 3:04:50 PM org.openqa.selenium.remote.ProtocolHandshake createSession
INFO: Detected dialect: W3C
JavaScript error: https://ok-bar.love.mail.ru/?&JSONP_call=MRG_updateWambaToolbar&rnd=0.44855045100676305, line 1: SyntaxError: expected expression, got '<'
]]></system-err>
</testsuite>
