<?xml version="1.0" encoding="UTF-8"?>
<testsuite name="com.telran.selenium.LoginToWiki" tests="1" skipped="0" failures="0" errors="0" timestamp="2019-08-25T04:58:14" hostname="LAPTOP-G2K9F2C5" time="3.362">
  <properties/>
  <testcase name="loginInTest" classname="com.telran.selenium.LoginToWiki" time="3.362"/>
  <system-out><![CDATA[]]></system-out>
  <system-err><![CDATA[Starting ChromeDriver 76.0.3809.68 (420c9498db8ce8fcd190a954d51297672c1515d5-refs/branch-heads/3809@{#864}) on port 13234
Only local connections are allowed.
Please protect ports used by ChromeDriver and related test frameworks to prevent access by malicious code.
авг 25, 2019 7:58:14 AM org.openqa.selenium.remote.ProtocolHandshake createSession
INFO: Detected dialect: W3C
]]></system-err>
</testsuite>
